<?xml version="1.0" encoding="UTF-8"?>
<!-- Generated by org.testng.reporters.JUnitReportReporter -->
<testsuite hostname="DESKTOP-8G403R8" name="TestLayer.AddUserTest" tests="2" failures="0" timestamp="1 Sep 2019 17:08:58 GMT" time="99.315" errors="0">
  <testcase name="newAddUser1" time="27.366" classname="TestLayer.AddUserTest"/>
  <testcase name="newAddUser1" time="71.949" classname="TestLayer.AddUserTest"/>
</testsuite> <!-- TestLayer.AddUserTest -->
