<?xml version="1.0" encoding="UTF-8"?>
<!-- Generated by org.testng.reporters.JUnitReportReporter -->
<testsuite hostname="DESKTOP-7IQGA9L" failures="0" tests="4" name="com.absa.api.test.DogBreedApiTest" time="5.345" errors="0" timestamp="25 Aug 2019 21:31:14 GMT" skipped="0">
  <testcase classname="com.absa.api.test.DogBreedApiTest" name="getRandomImgOrLinkForGolden" time="4.025"/>
  <testcase classname="com.absa.api.test.DogBreedApiTest" name="getSubBreedListFromRetriver" time="0.517"/>
  <testcase classname="com.absa.api.test.DogBreedApiTest" name="verifyRetriverInResponsePayload" time="0.325"/>
  <testcase classname="com.absa.api.test.DogBreedApiTest" name="getListOfAllDogBreed" time="0.478"/>
</testsuite> <!-- com.absa.api.test.DogBreedApiTest -->
